0 info it worked if it ends with ok
1 verbose cli [ '/usr/local/bin/node', '/usr/local/bin/npm', 'publish', './' ]
2 info using npm@3.10.10
3 info using node@v6.10.2
4 verbose publish [ './' ]
5 silly cache add args [ './', null ]
6 verbose cache add spec ./
7 silly cache add parsed spec Result {
7 silly cache add   raw: './',
7 silly cache add   scope: null,
7 silly cache add   escapedName: null,
7 silly cache add   name: null,
7 silly cache add   rawSpec: './',
7 silly cache add   spec: '/Users/nadeemmalik/GoogleDrive/Projects/dusty',
7 silly cache add   type: 'directory' }
8 verbose addLocalDirectory /Users/nadeemmalik/.npm/dusty-testing/1.0.0/package.tgz not in flight; packing
9 verbose correctMkdir /Users/nadeemmalik/.npm correctMkdir not in flight; initializing
10 info lifecycle dusty-testing@1.0.0~prepublish: dusty-testing@1.0.0
11 silly lifecycle dusty-testing@1.0.0~prepublish: no script for prepublish, continuing
12 verbose tar pack [ '/Users/nadeemmalik/.npm/dusty-testing/1.0.0/package.tgz',
12 verbose tar pack   '/Users/nadeemmalik/GoogleDrive/Projects/dusty' ]
13 verbose tarball /Users/nadeemmalik/.npm/dusty-testing/1.0.0/package.tgz
14 verbose folder /Users/nadeemmalik/GoogleDrive/Projects/dusty
15 verbose addLocalTarball adding from inside cache /Users/nadeemmalik/.npm/dusty-testing/1.0.0/package.tgz
16 verbose correctMkdir /Users/nadeemmalik/.npm correctMkdir not in flight; initializing
17 silly cache afterAdd dusty-testing@1.0.0
18 verbose afterAdd /Users/nadeemmalik/.npm/dusty-testing/1.0.0/package/package.json not in flight; writing
19 verbose correctMkdir /Users/nadeemmalik/.npm correctMkdir not in flight; initializing
20 verbose afterAdd /Users/nadeemmalik/.npm/dusty-testing/1.0.0/package/package.json written
21 silly publish { name: 'dusty-testing',
21 silly publish   version: '1.0.0',
21 silly publish   description: 'A featherweight JavaScript testing framework',
21 silly publish   main: 'SpecRunner.html',
21 silly publish   scripts: { test: 'echo "Error: no test specified" && exit 1' },
21 silly publish   repository:
21 silly publish    { type: 'git',
21 silly publish      url: 'git+https://github.com/nazwhale/dusty.git' },
21 silly publish   keywords:
21 silly publish    [ 'JavaScript',
21 silly publish      'testing',
21 silly publish      'TDD',
21 silly publish      'testing',
21 silly publish      'framework',
21 silly publish      'dusty',
21 silly publish      'pink' ],
21 silly publish   author: { name: 'Eugenia Guerrero & Naz Malik' },
21 silly publish   license: 'ISC',
21 silly publish   bugs: { url: 'https://github.com/nazwhale/dusty/issues' },
21 silly publish   homepage: 'https://github.com/nazwhale/dusty#readme',
21 silly publish   readme: '# dusty\n\nA JavaScript testing framework\n',
21 silly publish   readmeFilename: 'README.md',
21 silly publish   gitHead: '1be001a33c153305838b55a0e9a9108cb819f1d4',
21 silly publish   _id: 'dusty-testing@1.0.0',
21 silly publish   _shasum: 'f5f996714b933632f3a77d2b4e258e44975cfdb6',
21 silly publish   _from: '.' }
22 verbose getPublishConfig undefined
23 silly mapToRegistry name dusty-testing
24 silly mapToRegistry using default registry
25 silly mapToRegistry registry https://registry.npmjs.org/
26 silly mapToRegistry data Result {
26 silly mapToRegistry   raw: 'dusty-testing',
26 silly mapToRegistry   scope: null,
26 silly mapToRegistry   escapedName: 'dusty-testing',
26 silly mapToRegistry   name: 'dusty-testing',
26 silly mapToRegistry   rawSpec: '',
26 silly mapToRegistry   spec: 'latest',
26 silly mapToRegistry   type: 'tag' }
27 silly mapToRegistry uri https://registry.npmjs.org/dusty-testing
28 verbose publish registryBase https://registry.npmjs.org/
29 silly publish uploading /Users/nadeemmalik/.npm/dusty-testing/1.0.0/package.tgz
30 verbose request uri https://registry.npmjs.org/dusty-testing
31 verbose request sending authorization for write operation
32 info attempt registry request try #1 at 6:25:57 PM
33 verbose request using bearer token for auth
34 verbose request id 7e45df4197e8cfa1
35 http request PUT https://registry.npmjs.org/dusty-testing
36 http 403 https://registry.npmjs.org/dusty-testing
37 verbose headers { 'content-type': 'application/json',
37 verbose headers   'cache-control': 'max-age=300',
37 verbose headers   'content-length': '95',
37 verbose headers   'accept-ranges': 'bytes',
37 verbose headers   date: 'Mon, 01 May 2017 17:25:58 GMT',
37 verbose headers   via: '1.1 varnish',
37 verbose headers   connection: 'keep-alive',
37 verbose headers   'x-served-by': 'cache-hhn1547-HHN',
37 verbose headers   'x-cache': 'MISS',
37 verbose headers   'x-cache-hits': '0',
37 verbose headers   'x-timer': 'S1493659558.511498,VS0,VE1149',
37 verbose headers   vary: 'Accept-Encoding' }
38 verbose request invalidating /Users/nadeemmalik/.npm/registry.npmjs.org/dusty-testing on PUT
39 error publish Failed PUT 403
40 verbose stack Error: "You cannot publish over the previously published version 1.0.0." : dusty-testing
40 verbose stack     at makeError (/usr/local/lib/node_modules/npm/node_modules/npm-registry-client/lib/request.js:302:12)
40 verbose stack     at CachingRegistryClient.<anonymous> (/usr/local/lib/node_modules/npm/node_modules/npm-registry-client/lib/request.js:290:14)
40 verbose stack     at Request._callback (/usr/local/lib/node_modules/npm/node_modules/npm-registry-client/lib/request.js:210:14)
40 verbose stack     at Request.self.callback (/usr/local/lib/node_modules/npm/node_modules/request/request.js:187:22)
40 verbose stack     at emitTwo (events.js:106:13)
40 verbose stack     at Request.emit (events.js:191:7)
40 verbose stack     at Request.<anonymous> (/usr/local/lib/node_modules/npm/node_modules/request/request.js:1048:10)
40 verbose stack     at emitOne (events.js:96:13)
40 verbose stack     at Request.emit (events.js:188:7)
40 verbose stack     at IncomingMessage.<anonymous> (/usr/local/lib/node_modules/npm/node_modules/request/request.js:969:12)
41 verbose statusCode 403
42 verbose pkgid dusty-testing
43 verbose cwd /Users/nadeemmalik/GoogleDrive/Projects/dusty
44 error Darwin 16.5.0
45 error argv "/usr/local/bin/node" "/usr/local/bin/npm" "publish" "./"
46 error node v6.10.2
47 error npm  v3.10.10
48 error code E403
49 error "You cannot publish over the previously published version 1.0.0." : dusty-testing
50 error If you need help, you may report this error at:
50 error     <https://github.com/npm/npm/issues>
51 verbose exit [ 1, true ]
